<?xml version="1.0" encoding="UTF-8"?>
<!-- Generated by org.testng.reporters.JUnitXMLReporter -->
<testsuite ignored="1" hostname="DESKTOP-A9J271L" failures="0" tests="2" name="Place Order Test" time="56.93" errors="0" timestamp="2023-01-18T17:23:12 IST">
  <testcase classname="groupid.LetsShop.PlaceOrderTest" name="placeorder" time="9.814"/>
  <testcase classname="groupid.LetsShop.PlaceOrderTest" name="placeorder" time="5.35"/>
  <testcase classname="groupid.LetsShop.PlaceOrderTest" name="OrderHistoryTest" time="0.0">
    <ignored/>
  </testcase> <!-- OrderHistoryTest -->
</testsuite> <!-- Place Order Test -->
